"../../../Engine/Content/Functions/Engine_MaterialFunctions01/Opacity/CameraDepthFade.uasset" 0
"../../../Engine/Content/EngineMaterials/T_Default_Material_Grid_M.uasset" 1
"../../../Engine/Content/EngineMaterials/T_Default_Material_Grid_N.uasset" 2
"../../../Engine/Content/EngineMaterials/DefaultMaterial.uasset" 3
"../../../Engine/Content/BasicShapes/Cone.uasset" 4
"../../../Engine/Content/BasicShapes/Cylinder.uasset" 5
"../../../Engine/Content/BasicShapes/Sphere.uasset" 6
"../../../Engine/Content/EditorLandscapeResources/DataLayer.uasset" 7
"../../../Engine/Content/EditorMaterials/GizmoMaterial.uasset" 8
"../../../Engine/Content/EditorMaterials/MAT_Groups_Toggle.uasset" 9
"../../../Engine/Content/EditorMaterials/MAT_Groups_Visibility.uasset" 10
"../../../Engine/Content/EditorMaterials/PreviewShadowIndicator.uasset" 11
"../../../Engine/Content/EditorMaterials/PreviewShadowIndicatorMaterial.uasset" 12
"../../../Engine/Content/EditorMaterials/AssetViewer/EpicQuadPanorama_CC+EV1.uasset" 13
"../../../Engine/Content/EditorMaterials/MatineeGroups/MAT_ColorTrack.uasset" 14
"../../../Engine/Content/EditorMaterials/MatineeGroups/MAT_Groups_Anim.uasset" 15
"../../../Engine/Content/EditorMaterials/MatineeGroups/MAT_Groups_AudioMaster.uasset" 16
"../../../Engine/Content/EditorMaterials/MatineeGroups/MAT_Groups_Director.uasset" 17
"../../../Engine/Content/EditorMaterials/MatineeGroups/MAT_Groups_Event.uasset" 18
"../../../Engine/Content/EditorMaterials/MatineeGroups/MAT_Groups_Fade.uasset" 19
"../../../Engine/Content/EditorMaterials/MatineeGroups/MAT_Groups_Float.uasset" 20
"../../../Engine/Content/EditorMaterials/MatineeGroups/MAT_Groups_Move.uasset" 21
"../../../Engine/Content/EditorMaterials/MatineeGroups/MAT_Groups_Slomo.uasset" 22
"../../../Engine/Content/EditorMaterials/MatineeGroups/MAT_Groups_Sound.uasset" 23
"../../../Engine/Content/EditorMaterials/MatineeGroups/MAT_Groups_Vector.uasset" 24
"../../../Engine/Content/EditorMaterials/ParticleSystems/PSysThumbnail_NoImage.uasset" 25
"../../../Engine/Content/EditorMaterials/ParticleSystems/PSysThumbnail_OOD.uasset" 26
"../../../Engine/Content/EditorMaterials/Camera/CineMat.uasset" 27
"../../../Engine/Content/EditorMaterials/Camera/MI_CineMat_Rig.uasset" 28
"../../../Engine/Content/EditorMeshes/Camera/SM_CraneRig_Arm.uasset" 29
"../../../Engine/Content/EditorMeshes/Camera/SM_CraneRig_Base.uasset" 30
"../../../Engine/Content/EditorMeshes/Camera/SM_CraneRig_Body.uasset" 31
"../../../Engine/Content/EditorMeshes/Camera/SM_CraneRig_Mount.uasset" 32
"../../../Engine/Content/EditorMeshes/Camera/SM_RailRig_Mount.uasset" 33
"../../../Engine/Content/EditorMeshes/Camera/SM_RailRig_Track.uasset" 34
"../../../Engine/Content/EditorResources/BSPVertex.uasset" 35
"../../../Engine/Content/EditorResources/EmptyActor.uasset" 36
"../../../Engine/Content/EditorResources/RGBTable16x1_AssetViewer.uasset" 37
"../../../Engine/Content/EditorResources/S_Actor.uasset" 38
"../../../Engine/Content/EditorResources/S_Trigger.uasset" 39
"../../../Engine/Content/EditorResources/AudioIcons/S_AudioComponent.uasset" 40
"../../../Engine/Content/EditorResources/AudioIcons/S_AudioComponent_AutoActivate.uasset" 41
"../../../Engine/Content/EditorResources/LightIcons/S_LightError.uasset" 42
"../../../Engine/Content/EditorResources/SequenceRecorder/Countdown.uasset" 43
"../../../Engine/Content/EditorResources/SequenceRecorder/RecordingIndicator.uasset" 44
"../../../Engine/Content/EditorSounds/Notifications/CompileFailed.uasset" 45
"../../../Engine/Content/EditorSounds/Notifications/CompileFailed_Cue.uasset" 46
"../../../Engine/Content/EditorSounds/Notifications/CompileSuccess.uasset" 47
"../../../Engine/Content/EditorSounds/Notifications/CompileStart_Cue.uasset" 48
"../../../Engine/Content/EditorSounds/Notifications/CompileSuccess_Cue.uasset" 49
"../../../Engine/Content/EngineDamageTypes/DmgTypeBP_Environmental.uasset" 50
"../../../Engine/Content/EngineDebugMaterials/HeatmapGradient.uasset" 51
"../../../Engine/Content/EngineDebugMaterials/BoneWeightMaterial.uasset" 52
"../../../Engine/Content/EngineDebugMaterials/DebugMeshMaterial.uasset" 53
"../../../Engine/Content/EngineDebugMaterials/GeomMaterial.uasset" 54
"../../../Engine/Content/EngineFonts/Roboto.uasset" 55
"../../../Engine/Content/EngineFonts/RobotoTiny.uasset" 56
"../../../Engine/Content/EngineMaterials/DefaultBokeh.uasset" 57
"../../../Engine/Content/EngineMaterials/DefaultDiffuse.uasset" 58
"../../../Engine/Content/EngineMaterials/DefaultDeferredDecalMaterial.uasset" 59
"../../../Engine/Content/EngineMaterials/DefaultLightFunctionMaterial.uasset" 60
"../../../Engine/Content/EngineMaterials/DefaultPhysicalMaterial.uasset" 61
"../../../Engine/Content/Functions/Engine_MaterialFunctions02/Utility/BreakOutFloat2Components.uasset" 62
"../../../Engine/Content/EngineMaterials/DefaultPostProcessMaterial.uasset" 63
"../../../Engine/Content/EngineFonts/RobotoDistanceField.uasset" 64
"../../../Engine/Content/EngineMaterials/DefaultTextMaterialOpaque.uasset" 65
"../../../Engine/Content/EngineMaterials/DefaultWhiteGrid.uasset" 66
"../../../Engine/Content/EngineMaterials/EditorBrushMaterial.uasset" 67
"../../../Engine/Content/EngineMaterials/Good64x64TilingNoiseHighFreq.uasset" 68
"../../../Engine/Content/EngineMaterials/MiniFont.uasset" 69
"../../../Engine/Content/EngineMaterials/InvalidLightmapSettings.uasset" 70
"../../../Engine/Content/EngineMaterials/M_InvalidLightmapSettings.uasset" 71
"../../../Engine/Content/EngineMaterials/PhAT_JointLimitMaterial.uasset" 72
"../../../Engine/Content/EngineMaterials/PreintegratedSkinBRDF.uasset" 73
"../../../Engine/Content/EngineMaterials/RemoveSurfaceMaterial.uasset" 74
"../../../Engine/Content/EngineMaterials/WeightMapPlaceholderTexture.uasset" 75
"../../../Engine/Content/EngineResources/WhiteSquareTexture.uasset" 76
"../../../Engine/Content/EngineMaterials/Widget3DPassThrough.uasset" 77
"../../../Engine/Content/EngineMaterials/Widget3DPassThrough_Masked.uasset" 78
"../../../Engine/Content/EngineMaterials/Widget3DPassThrough_Opaque.uasset" 79
"../../../Engine/Content/EngineMaterials/Widget3DPassThrough_Masked_OneSided.uasset" 80
"../../../Engine/Content/EngineMaterials/Widget3DPassThrough_Opaque_OneSided.uasset" 81
"../../../Engine/Content/EngineMaterials/Widget3DPassThrough_Translucent.uasset" 82
"../../../Engine/Content/EngineMaterials/Widget3DPassThrough_Translucent_OneSided.uasset" 83
"../../../Engine/Content/EngineMeshes/Cube.uasset" 84
"../../../Engine/Content/EngineMeshes/Cylinder.uasset" 85
"../../../Engine/Content/EngineMeshes/Sphere.uasset" 86
"../../../Engine/Content/EngineResources/AICON-Green.uasset" 87
"../../../Engine/Content/EngineResources/AICON-Red.uasset" 88
"../../../Engine/Content/EngineResources/Black.uasset" 89
"../../../Engine/Content/EngineResources/DefaultTexture.uasset" 90
"../../../Engine/Content/EngineResources/DefaultTextureCube.uasset" 91
"../../../Engine/Content/EngineResources/GradientTexture0.uasset" 92
"../../../Engine/Content/EngineSounds/Master.uasset" 93
"../../../Engine/Content/EngineSounds/MasterSubmix.uasset" 94
"../../../Engine/Content/EngineTireTypes/DefaultTireType.uasset" 95
"../../../Engine/Content/Functions/Engine_MaterialFunctions01/Shading/ConvertFromDiffSpec.uasset" 96
"../../../Engine/Content/Functions/Engine_MaterialFunctions01/Shading/PowerToRoughness.uasset" 97
"../../../Engine/Content/Functions/Engine_MaterialFunctions02/Fresnel_Function.uasset" 98
"../../../Engine/Content/Maps/Templates/Thumbnails/Default.uasset" 99
"../../../Engine/Content/Maps/Templates/Thumbnails/VR-Basic.uasset" 100
"../../../Engine/Content/MobileResources/T_MobileControls_texture.uasset" 101
"../../../Engine/Content/MobileResources/T_MobileMenu2.uasset" 102
"../../../Engine/Content/MobileResources/HUD/AnalogHat.uasset" 103
"../../../Engine/Content/MobileResources/HUD/VirtualJoystick_Background.uasset" 104
"../../../Engine/Content/MobileResources/HUD/VirtualJoystick_Thumb.uasset" 105
"../../../Engine/Content/MobileResources/HUD/DefaultVirtualJoysticks.uasset" 106
"../../../Engine/Content/MobileResources/HUD/LeftVirtualJoystickOnly.uasset" 107
"../../../Engine/Content/MobileResources/HUD/MobileHUDButton1_off.uasset" 108
"../../../Engine/Content/MobileResources/HUD/MobileHUDButton1_on.uasset" 109
"../../../Engine/Content/MobileResources/HUD/MobileHUDButton2_off.uasset" 110
"../../../Engine/Content/MobileResources/HUD/MobileHUDButton2_on.uasset" 111
"../../../Engine/Content/MobileResources/HUD/MobileHUDButton3.uasset" 112
"../../../Engine/Content/MobileResources/HUD/MobileHUDButtonFire.uasset" 113
"../../../Engine/Content/MobileResources/HUD/MobileHUDDirectionPad.uasset" 114
"../../../Engine/Content/MobileResources/HUD/MobileHUDDirectionPad2.uasset" 115
"../../../Engine/Content/MobileResources/HUD/MobileHUDDirectionPad3.uasset" 116
"../../../Engine/Content/MobileResources/HUD/MobileHUDDirectionStick.uasset" 117
"../../../Engine/Content/MobileResources/HUD/T_Castle_ThumbstickInner.uasset" 118
"../../../Engine/Content/MobileResources/HUD/T_Castle_ThumbstickOutter.uasset" 119
"../../../Engine/Content/Tutorial/ContentIntroCurve.uasset" 120
"../../../Engine/Content/Tutorial/Basics/TutorialAssets/icon_tab_Levels_40x.uasset" 121
"../../../Engine/Content/Tutorial/BlueprintTutorials/TutorialAssets/BlueprintInterface_64x.uasset" 122
"../../../Engine/Content/Tutorial/BlueprintTutorials/TutorialAssets/BlueprintMacroLibrary_64x.uasset" 123
"../../../Engine/Content/Tutorial/BlueprintTutorials/TutorialAssets/Blueprint_64x.uasset" 124
"../../../Engine/Content/Tutorial/BlueprintTutorials/TutorialAssets/Tutorial_BP_Interface.uasset" 125
"../../../Engine/Content/Tutorial/Foliage/TutorialAssets/Foliage.uasset" 126
"../../../Engine/Content/Tutorial/Landscape/TutorialAssets/Landscape.uasset" 127
"../../../Engine/Content/Tutorial/Paper2D/TutorialAssets/Paper2DFlipbook_TutorialIcon.uasset" 128
"../../../Engine/Content/Tutorial/Paper2D/TutorialAssets/Paper2DSprite_TutorialIcon.uasset" 129
"../../../Engine/Content/Tutorial/SubEditors/TutorialAssets/icon_Editor_Preferences_General_40x.uasset" 130
"../../../Engine/Content/Tutorial/SubEditors/TutorialAssets/icon_ShowSkeletalMeshes_40x.uasset" 131
"../../../Engine/Content/Tutorial/SubEditors/TutorialAssets/TutorialMaterial.uasset" 132
"../../../Engine/Content/Tutorial/SubEditors/TutorialAssets/T_SmokeSubUV_8X8.uasset" 133
"../../../Engine/Content/Tutorial/SubEditors/TutorialAssets/T_soft_smoke.uasset" 134
"../../../Engine/Content/Tutorial/SubEditors/TutorialAssets/M_smoke_subUV_blackbody.uasset" 135
"../../../Engine/Content/Tutorial/SubEditors/TutorialAssets/TutorialParticleSystem.uasset" 136
"../../../Engine/Content/EngineMaterials/WorldGridMaterial.uasset" 137
"../../../Engine/Content/EditorMeshes/EditorCube.uasset" 138
"../../../Engine/Content/Tutorial/SubEditors/TutorialAssets/Tutorial_DM.uasset" 139
"../../../Engine/Content/VREditor/Devices/Generic/GenericHMDMaterial.uasset" 140
"../../../Engine/Content/VREditor/Devices/Generic/GenericHMD.uasset" 141
"../../../Engine/Content/VREditor/FloatingText/LineMaterial.uasset" 142
"../../../Engine/Content/VREditor/FloatingText/JointSphere.uasset" 143
"../../../Engine/Content/VREditor/FloatingText/LineSegmentCylinder.uasset" 144
"../../../Engine/Content/VREditor/Fonts/VRText_RobotoLarge.uasset" 145
"../../../Engine/Content/VREditor/Fonts/VRTextMaterial.uasset" 146
"../../../Engine/Content/VREditor/Fonts/TranslucentVRTextMaterial.uasset" 147
"../../../Engine/Content/VREditor/LaserPointer/VR_LaserPower_01.uasset" 148
"../../../Engine/Content/VREditor/LaserPointer/LaserPointerMaterial.uasset" 149
"../../../Engine/Content/VREditor/LaserPointer/LaserPointerMaterialInst.uasset" 150
"../../../Engine/Content/VREditor/LaserPointer/TranslucentLaserPointerMaterialInst.uasset" 151
"../../../Engine/Content/VREditor/LaserPointer/LaserPointerMesh.uasset" 152
"../../../Engine/Content/VREditor/Sounds/VR_grab_Cue.uasset" 153
"../../../Engine/Content/VREditor/Sounds/VR_teleport_Cue.uasset" 154
"../../../Engine/Content/VREditor/TransformGizmo/TransformGizmoMaterial.uasset" 155
"../../../Engine/Content/VREditor/TransformGizmo/TranslucentTransformGizmoMaterial.uasset" 156
"../../../Engine/Content/VREditor/TransformGizmo/BoundingBoxCorner.uasset" 157
"../../../Engine/Content/VREditor/TransformGizmo/BoundingBoxEdge.uasset" 158
"../../../Engine/Content/VREditor/TransformGizmo/PlaneTranslationHandle.uasset" 159
"../../../Engine/Content/VREditor/TransformGizmo/RotationHandle.uasset" 160
"../../../Engine/Content/VREditor/TransformGizmo/RotationHandleFull.uasset" 161
"../../../Engine/Content/VREditor/TransformGizmo/StretchingHandle.uasset" 162
"../../../Engine/Content/VREditor/TransformGizmo/TranslateHandleLong.uasset" 163
"../../../Engine/Content/VREditor/TransformGizmo/TranslationHandle.uasset" 164
"../../../Engine/Content/VREditor/TransformGizmo/UniformScaleHandle.uasset" 165
"../../../Engine/Content/VREditor/UI/CloseButtonMesh.uasset" 166
"../../../Engine/Content/VREditor/UI/SelectionBarMesh.uasset" 167
"../../../Engine/Content/Functions/Engine_MaterialFunctions01/Gradient/RadialGradient.uasset" 168
"../../../Engine/Content/VREditor/WorldMovementGrid/SimpleGrid.uasset" 169
"../../../Engine/Content/VREditor/WorldMovementGrid/GridMaterial.uasset" 170
"../../../Engine/Content/Functions/Engine_MaterialFunctions01/Density/ExponentialDensity.uasset" 171
"../../../Engine/Content/VREditor/WorldMovementGrid/GridPostProcess.uasset" 172
"../../../Engine/Content/EditorLandscapeResources/FlattenHeightMat.uasset" 173
"../../../Engine/Content/VREditor/WorldMovementGrid/PlaneMesh.uasset" 174
"../../../IsThisClusterGame/Content/2DSideScroller/Textures/2DCharacter_IdleAnimAtlas.uasset" 175
"../../../IsThisClusterGame/Content/2DSideScroller/Sprites/IdleFrames/IdleCycle1.uasset" 176
"../../../IsThisClusterGame/Content/2DSideScroller/Sprites/IdleFrames/IdleCycle2.uasset" 177
"../../../IsThisClusterGame/Content/2DSideScroller/Sprites/IdleFrames/IdleCycle3.uasset" 178
"../../../IsThisClusterGame/Content/2DSideScroller/Sprites/IdleFrames/IdleCycle4.uasset" 179
"../../../IsThisClusterGame/Content/2DSideScroller/Sprites/IdleFrames/IdleCycle5.uasset" 180
"../../../IsThisClusterGame/Content/2DSideScroller/Sprites/IdleFrames/IdleCycle6.uasset" 181
"../../../IsThisClusterGame/Content/2DSideScroller/Sprites/IdleFrames/IdleCycle7.uasset" 182
"../../../IsThisClusterGame/Content/2DSideScroller/Sprites/IdleFrames/IdleCycle8.uasset" 183
"../../../IsThisClusterGame/Content/2DSideScroller/Sprites/IdleAnimation.uasset" 184
"../../../IsThisClusterGame/Content/2DSideScroller/Textures/2DBackgroundTile.uasset" 185
"../../../IsThisClusterGame/Content/2DSideScroller/Materials/PrototypingSpriteMaterial.uasset" 186
"../../../IsThisClusterGame/Content/2DSideScroller/Sprites/PrototypingSprite.uasset" 187
"../../../IsThisClusterGame/Content/2DSideScroller/Textures/2DCharacter_RunAnimAtlas.uasset" 188
"../../../IsThisClusterGame/Content/2DSideScroller/Sprites/RunFrames/RunCycle_1.uasset" 189
"../../../IsThisClusterGame/Content/2DSideScroller/Sprites/RunFrames/RunCycle_10.uasset" 190
"../../../IsThisClusterGame/Content/2DSideScroller/Sprites/RunFrames/RunCycle_11.uasset" 191
"../../../IsThisClusterGame/Content/2DSideScroller/Sprites/RunFrames/RunCycle_12.uasset" 192
"../../../IsThisClusterGame/Content/2DSideScroller/Sprites/RunFrames/RunCycle_13.uasset" 193
"../../../IsThisClusterGame/Content/2DSideScroller/Sprites/RunFrames/RunCycle_14.uasset" 194
"../../../IsThisClusterGame/Content/2DSideScroller/Sprites/RunFrames/RunCycle_15.uasset" 195
"../../../IsThisClusterGame/Content/2DSideScroller/Sprites/RunFrames/RunCycle_16.uasset" 196
"../../../IsThisClusterGame/Content/2DSideScroller/Sprites/RunFrames/RunCycle_2.uasset" 197
"../../../IsThisClusterGame/Content/2DSideScroller/Sprites/RunFrames/RunCycle_3.uasset" 198
"../../../IsThisClusterGame/Content/2DSideScroller/Sprites/RunFrames/RunCycle_4.uasset" 199
"../../../IsThisClusterGame/Content/2DSideScroller/Sprites/RunFrames/RunCycle_5.uasset" 200
"../../../IsThisClusterGame/Content/2DSideScroller/Sprites/RunFrames/RunCycle_6.uasset" 201
"../../../IsThisClusterGame/Content/2DSideScroller/Sprites/RunFrames/RunCycle_7.uasset" 202
"../../../IsThisClusterGame/Content/2DSideScroller/Sprites/RunFrames/RunCycle_8.uasset" 203
"../../../IsThisClusterGame/Content/2DSideScroller/Sprites/RunFrames/RunCycle_9.uasset" 204
"../../../IsThisClusterGame/Content/2DSideScroller/Sprites/RunningAnimation.uasset" 205
"../../../Engine/Plugins/2D/Paper2D/Content/PlaceholderTextures/DummySpriteTexture.uasset" 206
"../../../Engine/Plugins/2D/Paper2D/Content/DefaultSpriteMaterial.uasset" 207
"../../../Engine/Plugins/2D/Paper2D/Content/TranslucentUnlitSpriteMaterial.uasset" 208
"../../../IsThisClusterGame/Content/Textures/Raw_Textures/Saw.uasset" 209
"../../../IsThisClusterGame/Content/Textures/Sprites/Saw_Sprite.uasset" 210
"../../../IsThisClusterGame/Content/Blueprints/FallingSaw.uasset" 211
"../../../IsThisClusterGame/Content/Textures/Raw_Textures/Saw_2.uasset" 212
"../../../IsThisClusterGame/Content/Textures/Sprites/Saw_2_Sprite.uasset" 213
"../../../IsThisClusterGame/Content/Blueprints/MovingSaw.uasset" 214
"../../../IsThisClusterGame/Content/Blueprints/MyLevelSelector.uasset" 215
"../../../IsThisClusterGame/Content/SaveGameFiles/MySaveData.uasset" 216
"../../../Engine/Content/EditorBlueprintResources/StandardMacros.uasset" 217
"../../../IsThisClusterGame/Content/Blueprints/ReplaySaver.uasset" 218
"../../../IsThisClusterGame/Content/Textures/materials/DissapearAnimation.uasset" 219
"../../../Engine/Content/BasicShapes/Cube.uasset" 220
"../../../IsThisClusterGame/Content/2DSideScrollerCPP/Blueprints/LostCluster.uasset" 221
"../../../IsThisClusterGame/Content/Textures/materials/DissapearAnimation_Inst.uasset" 222
"../../../IsThisClusterGame/Content/Textures/materials/DissapearAnimation_Inst_Inst_2.uasset" 223
"../../../IsThisClusterGame/Content/StarterContent/Materials/M_Basic_Wall.uasset" 224
"../../../IsThisClusterGame/Content/StarterContent/Shapes/Shape_Sphere.uasset" 225
"../../../IsThisClusterGame/Content/Blueprints/MapConnector.uasset" 226
"../../../IsThisClusterGame/Content/Textures/Raw_Textures/flower-1151306_960_720.uasset" 227
"../../../IsThisClusterGame/Content/Textures/materials/GlowingFlower.uasset" 228
"../../../IsThisClusterGame/Content/Blueprints/MapConnecterLoses.uasset" 229
"../../../IsThisClusterGame/Content/Textures/materials/CubeCompanion.uasset" 230
"../../../IsThisClusterGame/Content/Textures/materials/CubeCompanion_Inst.uasset" 231
"../../../IsThisClusterGame/Content/Blueprints/CubeCompanion.uasset" 232
"../../../IsThisClusterGame/Content/StarterContent/Materials/M_Glass.uasset" 233
"../../../IsThisClusterGame/Content/Blueprints/DissolvingSand.uasset" 234
"../../../IsThisClusterGame/Content/Blueprints/PlayerController.uasset" 235
"../../../IsThisClusterGame/Content/Hud/DiedScreen.uasset" 236
"../../../IsThisClusterGame/Content/Hud/Roboto-Light.uasset" 237
"../../../IsThisClusterGame/Content/Hud/Roboto-Medium.uasset" 238
"../../../IsThisClusterGame/Content/Textures/Raw_Textures/ButtonE-Keyboard.uasset" 239
"../../../IsThisClusterGame/Content/Textures/Raw_Textures/ButtonQ-Keyboard.uasset" 240
"../../../IsThisClusterGame/Content/Textures/Raw_Textures/ButtonSpaceKeyboard.uasset" 241
"../../../IsThisClusterGame/Content/Textures/Raw_Textures/Xbox_button_A_svg.uasset" 242
"../../../IsThisClusterGame/Content/Textures/Raw_Textures/XboxLB.uasset" 243
"../../../IsThisClusterGame/Content/Textures/Raw_Textures/XboxRB.uasset" 244
"../../../IsThisClusterGame/Content/Hud/StartingScreen.uasset" 245
"../../../IsThisClusterGame/Content/Hud/ESC_HUD.uasset" 246
"../../../IsThisClusterGame/Content/Textures/Raw_Textures/ButtonLeftArrow-Keyboard.uasset" 247
"../../../IsThisClusterGame/Content/Textures/Raw_Textures/ButtonUpArrow-Keyboard.uasset" 248
"../../../IsThisClusterGame/Content/Textures/Raw_Textures/Xbox_button_B_svg.uasset" 249
"../../../IsThisClusterGame/Content/Textures/Raw_Textures/Xbox_button_Y_svg.uasset" 250
"../../../IsThisClusterGame/Content/Hud/LevelHud.uasset" 251
"../../../IsThisClusterGame/Content/Textures/Raw_Textures/ButtonRightArrow-Keyboard.uasset" 252
"../../../IsThisClusterGame/Content/Textures/Raw_Textures/Triangle.uasset" 253
"../../../IsThisClusterGame/Content/Textures/Raw_Textures/Triangle2.uasset" 254
"../../../IsThisClusterGame/Content/Hud/Settings.uasset" 255
"../../../IsThisClusterGame/Content/Hud/BootScreen.uasset" 256
"../../../IsThisClusterGame/Content/Hud/Hud.uasset" 257
"../../../IsThisClusterGame/Content/Textures/Raw_Textures/ClusterTexture.uasset" 258
"../../../IsThisClusterGame/Content/Textures/Sprites/ClusterTexture_Sprite.uasset" 259
"../../../IsThisClusterGame/Content/Textures/Flibook/ClusterFlipBook.uasset" 260
"../../../IsThisClusterGame/Content/2DSideScrollerCPP/Blueprints/BP_2DSideScrollerCharacter.uasset" 261
"../../../IsThisClusterGame/Content/Textures/Raw_Textures/SmallSpikes.uasset" 262
"../../../IsThisClusterGame/Content/Textures/Sprites/SmallSpikes_Sprite.uasset" 263
"../../../IsThisClusterGame/Content/Blueprints/Trap.uasset" 264
"../../../Engine/Content/BasicShapes/BasicShapeMaterial.uasset" 265
"../../../IsThisClusterGame/Content/Blueprints/Trap2.uasset" 266
"../../../Engine/Content/Functions/Engine_MaterialFunctions02/Math/CreateThirdOrthogonalVector.uasset" 267
"../../../Engine/Content/Functions/Engine_MaterialFunctions02/Utility/BreakOutFloat3Components.uasset" 268
"../../../Engine/Content/Functions/Engine_MaterialFunctions02/Math/Transform3x3Matrix.uasset" 269
"../../../IsThisClusterGame/Content/KiteDemo/Material/WorldCoords-XY.uasset" 270
"../../../IsThisClusterGame/Content/Environments/Foliage/Grass/FieldGrass/T_FieldGrass_01_D.uasset" 271
"../../../IsThisClusterGame/Content/Environments/Foliage/Grass/FieldGrass/T_FieldGrass_02_M.uasset" 272
"../../../IsThisClusterGame/Content/Environments/Textures/T_Water_N.uasset" 273
"../../../IsThisClusterGame/Content/Environments/Foliage/Grass/FieldGrass/M_FieldGrass_01.uasset" 274
"../../../IsThisClusterGame/Content/Environments/Foliage/Grass/FieldGrass/M_FieldGrass_Inst_01.uasset" 275
"../../../IsThisClusterGame/Content/Environments/Foliage/Grass/FieldGrass/M_FieldGrass_Inst_01_LOD1.uasset" 276
"../../../IsThisClusterGame/Content/Environments/Foliage/Grass/FieldGrass/M_FieldGrass_Inst_01_LOD2.uasset" 277
"../../../IsThisClusterGame/Content/ExampleContent/Effects/Materials/M_square_ramp2.uasset" 278
"../../../IsThisClusterGame/Content/ExampleContent/Effects/Materials/M_ShapeMaster.uasset" 279
"../../../IsThisClusterGame/Content/ExampleContent/Effects/Materials/MI_ShapeInstance3.uasset" 280
"../../../Engine/Content/EditorMeshes/EditorSphere.uasset" 281
"../../../IsThisClusterGame/Content/Particle_Folder/P_velocity_cone.uasset" 282
"../../../IsThisClusterGame/Content/ExampleContent/Effects/Blueprints/BP_sway_cube.uasset" 283
"../../../IsThisClusterGame/Content/ExampleContent/ScriptExamples/PivotPainter/StaticMesh/Boxes_GroundOnly.uasset" 284
"../../../Engine/Content/Functions/Engine_MaterialFunctions02/FixRotateAboutAxisNormals.uasset" 285
"../../../Engine/Content/Functions/Engine_MaterialFunctions02/HueShift.uasset" 286
"../../../Engine/Content/Functions/Engine_MaterialFunctions02/ObjectLocalBounds.uasset" 287
"../../../Engine/Content/Functions/Engine_MaterialFunctions02/ObjectLocalToWorldData.uasset" 288
"../../../Engine/Content/Functions/Engine_MaterialFunctions02/WorldPositionOffset/Wind.uasset" 289
"../../../Engine/Content/Functions/Engine_MaterialFunctions02/PivotPainter/PivotPainter_PerObjectFoliageData.uasset" 290
"../../../Engine/Content/Functions/Engine_MaterialFunctions02/SafeNormalize.uasset" 291
"../../../Engine/Content/Functions/Engine_MaterialFunctions02/Utility/BlendAngleCorrectedNormals.uasset" 292
"../../../Engine/Content/Functions/Engine_MaterialFunctions02/UVs/BoundingBoxBased_0-1_UVW.uasset" 293
"../../../Engine/Content/Functions/Engine_MaterialFunctions02/Utility/VectorLength.uasset" 294
"../../../Engine/Content/Functions/Engine_MaterialFunctions02/WorldPositionOffset/ObjectScale.uasset" 295
"../../../Engine/Content/EditorMaterials/Cascade/CASC_Cross.uasset" 296
"../../../Engine/Content/EditorMaterials/Cascade/CASC_None.uasset" 297
"../../../Engine/Content/Functions/Engine_MaterialFunctions03/Blends/Blend_Overlay.uasset" 298
"../../../IsThisClusterGame/Content/ExampleContent/ScriptExamples/PivotPainter/GlobalMaterialParameters/FoliageShaderMaterialParameters.uasset" 299
"../../../IsThisClusterGame/Content/ExampleContent/ScriptExamples/PivotPainter/Textures/grass_D.uasset" 300
"../../../IsThisClusterGame/Content/ExampleContent/ScriptExamples/PivotPainter/Textures/grass_N.uasset" 301
"../../../IsThisClusterGame/Content/ExampleContent/ScriptExamples/PivotPainter/Textures/GrassBladeColor.uasset" 302
"../../../IsThisClusterGame/Content/ExampleContent/ScriptExamples/PivotPainter/Textures/Noise.uasset" 303
"../../../IsThisClusterGame/Content/ExampleContent/ScriptExamples/PivotPainter/Materials/Grass.uasset" 304
"../../../IsThisClusterGame/Content/ExampleContent/ScriptExamples/PivotPainter/StaticMesh/GrassClump.uasset" 305
"../../../IsThisClusterGame/Content/Hud/8-BIT_WONDER.uasset" 306
"../../../IsThisClusterGame/Content/Hud/ForestLevels.uasset" 307
"../../../IsThisClusterGame/Content/Hud/I-pixel-u.uasset" 308
"../../../IsThisClusterGame/Content/Leaves_VFX_Pack/Textures/Oak.uasset" 309
"../../../IsThisClusterGame/Content/Leaves_VFX_Pack/Textures/Oak_N.uasset" 310
"../../../IsThisClusterGame/Content/Leaves_VFX_Pack/Materials/Master_Leaves.uasset" 311
"../../../IsThisClusterGame/Content/Leaves_VFX_Pack/Mics/Oak_Mic.uasset" 312
"../../../IsThisClusterGame/Content/Leaves_VFX_Pack/Meshes/Oak.uasset" 313
"../../../IsThisClusterGame/Content/Leaves_VFX_Pack/VFX/Oak_VFX.uasset" 314
"../../../IsThisClusterGame/Content/Leaves_VFX_Pack/Blue_Print/Leaves_BluePrint.uasset" 315
"../../../IsThisClusterGame/Content/Leaves_VFX_Pack/Textures/Aspen.uasset" 316
"../../../IsThisClusterGame/Content/Leaves_VFX_Pack/Textures/Aspen_N.uasset" 317
"../../../IsThisClusterGame/Content/Leaves_VFX_Pack/Mics/Aspen_Mic.uasset" 318
"../../../IsThisClusterGame/Content/Leaves_VFX_Pack/Meshes/Aspen.uasset" 319
"../../../IsThisClusterGame/Content/Leaves_VFX_Pack/VFX/Aspen_VFX.uasset" 320
"../../../IsThisClusterGame/Content/Leaves_VFX_Pack/Textures/BeechFall.uasset" 321
"../../../IsThisClusterGame/Content/Leaves_VFX_Pack/Textures/BeechFall_N.uasset" 322
"../../../IsThisClusterGame/Content/Leaves_VFX_Pack/Mics/BeechFall_Mic.uasset" 323
"../../../IsThisClusterGame/Content/Leaves_VFX_Pack/Meshes/Beech_Fall.uasset" 324
"../../../IsThisClusterGame/Content/Leaves_VFX_Pack/VFX/BeechFall_VFX.uasset" 325
"../../../IsThisClusterGame/Content/Leaves_VFX_Pack/Textures/Beech.uasset" 326
"../../../IsThisClusterGame/Content/Leaves_VFX_Pack/Textures/Beech_N.uasset" 327
"../../../IsThisClusterGame/Content/Leaves_VFX_Pack/Mics/Beech_Mic.uasset" 328
"../../../IsThisClusterGame/Content/Leaves_VFX_Pack/Meshes/Beech.uasset" 329
"../../../IsThisClusterGame/Content/Leaves_VFX_Pack/VFX/Beech_VFX.uasset" 330
"../../../IsThisClusterGame/Content/Leaves_VFX_Pack/Textures/Birch.uasset" 331
"../../../IsThisClusterGame/Content/Leaves_VFX_Pack/Textures/Birch_N.uasset" 332
"../../../IsThisClusterGame/Content/Leaves_VFX_Pack/Mics/Birch_Mic.uasset" 333
"../../../IsThisClusterGame/Content/Leaves_VFX_Pack/Meshes/Birch.uasset" 334
"../../../IsThisClusterGame/Content/Leaves_VFX_Pack/VFX/Birch_VFX.uasset" 335
"../../../IsThisClusterGame/Content/Leaves_VFX_Pack/Textures/Fringe.uasset" 336
"../../../IsThisClusterGame/Content/Leaves_VFX_Pack/Textures/Fringe_N.uasset" 337
"../../../IsThisClusterGame/Content/Leaves_VFX_Pack/Mics/Fringe_Mic.uasset" 338
"../../../IsThisClusterGame/Content/Leaves_VFX_Pack/Meshes/Fringe.uasset" 339
"../../../IsThisClusterGame/Content/Leaves_VFX_Pack/VFX/Fringe_VFX.uasset" 340
"../../../IsThisClusterGame/Content/Leaves_VFX_Pack/Textures/Maple2.uasset" 341
"../../../IsThisClusterGame/Content/Leaves_VFX_Pack/Textures/Maple2_N.uasset" 342
"../../../IsThisClusterGame/Content/Leaves_VFX_Pack/Mics/Maple2_Mic.uasset" 343
"../../../IsThisClusterGame/Content/Leaves_VFX_Pack/Meshes/Maple2.uasset" 344
"../../../IsThisClusterGame/Content/Leaves_VFX_Pack/VFX/Maple2_VFX.uasset" 345
"../../../IsThisClusterGame/Content/Leaves_VFX_Pack/Textures/Maple.uasset" 346
"../../../IsThisClusterGame/Content/Leaves_VFX_Pack/Textures/Maple_N.uasset" 347
"../../../IsThisClusterGame/Content/Leaves_VFX_Pack/Mics/Maple_Mic.uasset" 348
"../../../IsThisClusterGame/Content/Leaves_VFX_Pack/Meshes/Maple.uasset" 349
"../../../IsThisClusterGame/Content/Leaves_VFX_Pack/VFX/Maple_VFX.uasset" 350
"../../../IsThisClusterGame/Content/Maps/2DSideScrollerExampleMap_BuiltData.uasset" 351
"../../../IsThisClusterGame/Content/Model/M_FieldGrass_Inst_01.uasset" 352
"../../../IsThisClusterGame/Content/Model/TreeAnimated_Skeleton.uasset" 353
"../../../IsThisClusterGame/Content/Model/TreeAnimated_Anim_Default_Take.uasset" 354
"../../../IsThisClusterGame/Content/Model/Roots/BroadleafBark_Normal_Tex.uasset" 355
"../../../IsThisClusterGame/Content/Model/Roots/BroadleafBark_Tex.uasset" 356
"../../../IsThisClusterGame/Content/Model/Roots/Root_1_Branches_2_Mat.uasset" 357
"../../../IsThisClusterGame/Content/Model/Roots/Root_1_Branches_Mat.uasset" 358
"../../../IsThisClusterGame/Content/Model/Roots/Root_1.uasset" 359
"../../../IsThisClusterGame/Content/Model/Roots/Root_2_Branches_2_Mat.uasset" 360
"../../../IsThisClusterGame/Content/Model/Roots/Root_2_Branches_Mat.uasset" 361
"../../../IsThisClusterGame/Content/Model/Roots/Root_2.uasset" 362
"../../../IsThisClusterGame/Content/Model/Roots/Root_4_Branches_2_Mat.uasset" 363
"../../../IsThisClusterGame/Content/Model/Roots/Root_4_Branches_Mat.uasset" 364
"../../../IsThisClusterGame/Content/Model/Roots/Root_4.uasset" 365
"../../../IsThisClusterGame/Content/Model/Tree/Box001Mat.uasset" 366
"../../../IsThisClusterGame/Content/Model/Tree/box.uasset" 367
"../../../IsThisClusterGame/Content/Model/Tree/Broadleaf_Desktop.uasset" 368
"../../../IsThisClusterGame/Content/Model/Tree/Broadleaf_Desktop_Atlas.uasset" 369
"../../../IsThisClusterGame/Content/Model/Tree/Broadleaf_Desktop_Atlas_Billboards.uasset" 370
"../../../IsThisClusterGame/Content/Model/Tree/Broadleaf_Desktop_Atlas_Billboards_Normal.uasset" 371
"../../../IsThisClusterGame/Content/Model/Tree/Broadleaf_Desktop_Atlas_Normal.uasset" 372
"../../../IsThisClusterGame/Content/Model/Tree/Broadleaf_Desktop_Atlas_Specular.uasset" 373
"../../../IsThisClusterGame/Content/StarterContent/Materials/M_Basic_Floor.uasset" 374
"../../../IsThisClusterGame/Content/Model/Tree2/unnamed.uasset" 375
"../../../IsThisClusterGame/Content/Model/Tree2/koks_2.uasset" 376
"../../../IsThisClusterGame/Content/Model/Tree6/ConiferBark.uasset" 377
"../../../IsThisClusterGame/Content/Model/Tree6/ConiferBark_Mat.uasset" 378
"../../../IsThisClusterGame/Content/Model/Tree6/ConiferBark_Normal.uasset" 379
"../../../IsThisClusterGame/Content/Model/Tree6/Koks_6_Atlas_Billboards.uasset" 380
"../../../IsThisClusterGame/Content/Model/Tree6/Koks_6_Atlas_Billboards_Mat.uasset" 381
"../../../IsThisClusterGame/Content/Model/Tree6/Koks_6_Atlas_Billboards_Normal.uasset" 382
"../../../IsThisClusterGame/Content/Model/Tree6/Koks_6_Atlas.uasset" 383
"../../../IsThisClusterGame/Content/Model/Tree6/Koks_6_Atlas_Mat.uasset" 384
"../../../IsThisClusterGame/Content/Model/Tree6/Koks_6_Atlas_Normal.uasset" 385
"../../../IsThisClusterGame/Content/Model/Tree6/Koks_6_Atlas_Specular.uasset" 386
"../../../IsThisClusterGame/Content/Model/Tree7/Firest/ConiferBark.uasset" 387
"../../../IsThisClusterGame/Content/Model/Tree7/Firest/ConiferBark_Normal.uasset" 388
"../../../IsThisClusterGame/Content/Model/Tree7/Firest/Koks_6_Straight_Atlas.uasset" 389
"../../../IsThisClusterGame/Content/Model/Tree7/Firest/Koks_6_Straight_Atlas_Billboards.uasset" 390
"../../../IsThisClusterGame/Content/Model/Tree7/Firest/Koks_6_Straight_Atlas_Billboards_Normal.uasset" 391
"../../../IsThisClusterGame/Content/Model/Tree7/Firest/Koks_6_Straight_Atlas_Normal.uasset" 392
"../../../IsThisClusterGame/Content/Model/Tree7/Firest/Koks_6_Straight_Atlas_Specular.uasset" 393
"../../../IsThisClusterGame/Content/Model/Tree_6_Straight/ConiferBark.uasset" 394
"../../../IsThisClusterGame/Content/Model/Tree_6_Straight/ConiferBark_Mat.uasset" 395
"../../../IsThisClusterGame/Content/Model/Tree_6_Straight/ConiferBark_Normal.uasset" 396
"../../../IsThisClusterGame/Content/Model/Tree_6_Straight/Koks_6_Straight_Atlas_Billboards.uasset" 397
"../../../IsThisClusterGame/Content/Model/Tree_6_Straight/Koks_6_Straight_Atlas_Billboards_Mat.uasset" 398
"../../../IsThisClusterGame/Content/Model/Tree_6_Straight/Koks_6_Straight_Atlas_Billboards_Normal.uasset" 399
"../../../IsThisClusterGame/Content/Model/Tree_6_Straight/Koks_6_Straight_Atlas_Normal.uasset" 400
"../../../IsThisClusterGame/Content/Model/Tree_6_Straight/Koks_6_Straight_Atlas_Specular.uasset" 401
"../../../Engine/Content/EngineMaterials/OrientParticle.uasset" 402
"../../../Engine/Content/EngineMaterials/DefaultParticle.uasset" 403
"../../../IsThisClusterGame/Content/Particle_Folder/DroppingGlownes.uasset" 404
"../../../IsThisClusterGame/Content/StarterContent/Architecture/Pillar_50x500.uasset" 405
"../../../IsThisClusterGame/Content/StarterContent/Architecture/Wall_400x300.uasset" 406
"../../../IsThisClusterGame/Content/StarterContent/Architecture/Wall_400x400.uasset" 407
"../../../IsThisClusterGame/Content/StarterContent/Architecture/Wall_500x500.uasset" 408
"../../../IsThisClusterGame/Content/StarterContent/Architecture/Wall_Door_400x400.uasset" 409
"../../../IsThisClusterGame/Content/StarterContent/Architecture/Wall_Window_400x400.uasset" 410
"../../../IsThisClusterGame/Content/StarterContent/Audio/Light01_Cue.uasset" 411
"../../../IsThisClusterGame/Content/StarterContent/Audio/Light02_Cue.uasset" 412
"../../../IsThisClusterGame/Content/StarterContent/Audio/Explosion_Cue.uasset" 413
"../../../IsThisClusterGame/Content/StarterContent/Textures/T_Burst_M.uasset" 414
"../../../IsThisClusterGame/Content/StarterContent/Particles/Materials/M_Burst.uasset" 415
"../../../IsThisClusterGame/Content/StarterContent/Textures/T_Explosion_SubUV.uasset" 416
"../../../IsThisClusterGame/Content/StarterContent/Particles/Materials/M_explosion_subUV.uasset" 417
"../../../IsThisClusterGame/Content/StarterContent/Particles/Materials/m_flare_01.uasset" 418
"../../../IsThisClusterGame/Content/StarterContent/Particles/Materials/M_radial_ramp.uasset" 419
"../../../IsThisClusterGame/Content/StarterContent/Textures/T_Smoke_SubUV.uasset" 420
"../../../IsThisClusterGame/Content/StarterContent/Textures/T_Smoke_Tiled_D.uasset" 421
"../../../IsThisClusterGame/Content/StarterContent/Particles/Materials/M_smoke_subUV.uasset" 422
"../../../IsThisClusterGame/Content/StarterContent/Particles/P_Explosion.uasset" 423
"../../../IsThisClusterGame/Content/StarterContent/Blueprints/Blueprint_Effect_Explosion.uasset" 424
"../../../Engine/Content/EditorMeshes/ColorCalibrator/T_ColorGrid.uasset" 425
"../../../IsThisClusterGame/Content/StarterContent/Materials/M_ColorGrid_LowSpec.uasset" 426
"../../../IsThisClusterGame/Content/StarterContent/Materials/M_Glass_Inst.uasset" 427
"../../../IsThisClusterGame/Content/StarterContent/Materials/NeutralMaterial.uasset" 428
"../../../IsThisClusterGame/Content/StarterContent/Textures/T_Chair_M.uasset" 429
"../../../IsThisClusterGame/Content/StarterContent/Textures/T_Chair_N.uasset" 430
"../../../IsThisClusterGame/Content/StarterContent/Props/Materials/M_Chair.uasset" 431
"../../../IsThisClusterGame/Content/StarterContent/Props/SM_Couch.uasset" 432
"../../../IsThisClusterGame/Content/StarterContent/Textures/T_Door_M.uasset" 433
"../../../IsThisClusterGame/Content/StarterContent/Textures/T_Door_N.uasset" 434
"../../../IsThisClusterGame/Content/StarterContent/Props/Materials/M_Door.uasset" 435
"../../../IsThisClusterGame/Content/StarterContent/Props/SM_Door.uasset" 436
"../../../IsThisClusterGame/Content/StarterContent/Props/Materials/M_MaterialSphere.uasset" 437
"../../../IsThisClusterGame/Content/StarterContent/Props/Materials/M_MaterialSphere_Plain.uasset" 438
"../../../IsThisClusterGame/Content/StarterContent/Props/SM_MatPreviewMesh_02.uasset" 439
"../../../IsThisClusterGame/Content/StarterContent/Textures/T_Shelf_M.uasset" 440
"../../../IsThisClusterGame/Content/StarterContent/Textures/T_Shelf_N.uasset" 441
"../../../IsThisClusterGame/Content/StarterContent/Props/Materials/M_Shelf.uasset" 442
"../../../IsThisClusterGame/Content/StarterContent/Props/SM_Shelf.uasset" 443
"../../../IsThisClusterGame/Content/StarterContent/Props/SM_Stairs.uasset" 444
"../../../IsThisClusterGame/Content/StarterContent/Textures/T_Detail_Rocky_N.uasset" 445
"../../../IsThisClusterGame/Content/StarterContent/Textures/T_Rock_Basalt_D.uasset" 446
"../../../IsThisClusterGame/Content/StarterContent/Textures/T_RockMesh_M.uasset" 447
"../../../IsThisClusterGame/Content/StarterContent/Textures/T_RockMesh_N.uasset" 448
"../../../IsThisClusterGame/Content/StarterContent/Props/Materials/M_Rock.uasset" 449
"../../../IsThisClusterGame/Content/StarterContent/Shapes/Shape_Cone.uasset" 450
"../../../IsThisClusterGame/Content/StarterContent/Shapes/Shape_Cylinder.uasset" 451
"../../../IsThisClusterGame/Content/StarterContent/Shapes/Shape_NarrowCapsule.uasset" 452
"../../../IsThisClusterGame/Content/StarterContent/Shapes/Shape_Pipe.uasset" 453
"../../../IsThisClusterGame/Content/StarterContent/Shapes/Shape_Pipe_180.uasset" 454
"../../../IsThisClusterGame/Content/StarterContent/Shapes/Shape_Pipe_90.uasset" 455
"../../../IsThisClusterGame/Content/StarterContent/Shapes/Shape_Torus.uasset" 456
"../../../IsThisClusterGame/Content/StarterContent/Shapes/Shape_Trim.uasset" 457
"../../../IsThisClusterGame/Content/StarterContent/Shapes/Shape_Trim_90_In.uasset" 458
"../../../IsThisClusterGame/Content/StarterContent/Shapes/Shape_Trim_90_Out.uasset" 459
"../../../IsThisClusterGame/Content/StarterContent/Shapes/Shape_TriPyramid.uasset" 460
"../../../IsThisClusterGame/Content/StarterContent/Shapes/Shape_Tube.uasset" 461
"../../../IsThisClusterGame/Content/StarterContent/Shapes/Shape_Wedge_A.uasset" 462
"../../../IsThisClusterGame/Content/StarterContent/Shapes/Shape_Wedge_B.uasset" 463
"../../../IsThisClusterGame/Content/StarterContent/Shapes/Shape_WideCapsule.uasset" 464
"../../../IsThisClusterGame/Content/Textures/materials/Saw_Mat.uasset" 465
"../../../IsThisClusterGame/Content/Textures/materials/GlowingSawMat.uasset" 466
"../../../IsThisClusterGame/Content/Textures/materials/GLOWING_STAR.uasset" 467
"../../../IsThisClusterGame/Content/Textures/Raw_Textures/ButtonA-Keyboard.uasset" 468
"../../../IsThisClusterGame/Content/Textures/Raw_Textures/ButtonA.uasset" 469
"../../../IsThisClusterGame/Content/Textures/Raw_Textures/ButtonB.uasset" 470
"../../../IsThisClusterGame/Content/Textures/Raw_Textures/ButtonD-Keyboards.uasset" 471
"../../../IsThisClusterGame/Content/Textures/Raw_Textures/ButtonDownArrow-Keyboard.uasset" 472
"../../../IsThisClusterGame/Content/Textures/Raw_Textures/ButtonEnter-Keyboard.uasset" 473
"../../../IsThisClusterGame/Content/Textures/Raw_Textures/ButtonSpace-Keyboard.uasset" 474
"../../../IsThisClusterGame/Content/Textures/Raw_Textures/Space.uasset" 475
"../../../IsThisClusterGame/Content/Textures/Sprites/flower-1151306_960_720_Sprite.uasset" 476
"../../../IsThisClusterGame/Content/Textures/Raw_Textures/LevelNumber1.uasset" 477
"../../../IsThisClusterGame/Content/Textures/Sprites/Level1.uasset" 478
"../../../IsThisClusterGame/Content/Textures/Raw_Textures/LevelNumber10.uasset" 479
"../../../IsThisClusterGame/Content/Textures/Sprites/Level10.uasset" 480
"../../../IsThisClusterGame/Content/Textures/Raw_Textures/LevelNumber11.uasset" 481
"../../../IsThisClusterGame/Content/Textures/Sprites/Level11.uasset" 482
"../../../IsThisClusterGame/Content/Textures/Raw_Textures/LevelNumber.uasset" 483
"../../../IsThisClusterGame/Content/Textures/Sprites/Level2.uasset" 484
"../../../IsThisClusterGame/Content/Textures/Raw_Textures/LevelNumber3.uasset" 485
"../../../IsThisClusterGame/Content/Textures/Sprites/Level3.uasset" 486
"../../../IsThisClusterGame/Content/Textures/Raw_Textures/LevelNumber4.uasset" 487
"../../../IsThisClusterGame/Content/Textures/Sprites/Level4.uasset" 488
"../../../IsThisClusterGame/Content/Textures/Raw_Textures/LevelNumber5.uasset" 489
"../../../IsThisClusterGame/Content/Textures/Sprites/Level5.uasset" 490
"../../../IsThisClusterGame/Content/Textures/Raw_Textures/LevelNumber6.uasset" 491
"../../../IsThisClusterGame/Content/Textures/Sprites/Level6.uasset" 492
"../../../IsThisClusterGame/Content/Textures/Raw_Textures/LevelNumber7.uasset" 493
"../../../IsThisClusterGame/Content/Textures/Sprites/Level7.uasset" 494
"../../../IsThisClusterGame/Content/Textures/Raw_Textures/LevelNumber8.uasset" 495
"../../../IsThisClusterGame/Content/Textures/Sprites/Level8.uasset" 496
"../../../IsThisClusterGame/Content/Textures/Raw_Textures/LevelNumber9.uasset" 497
"../../../IsThisClusterGame/Content/Textures/Sprites/Level9.uasset" 498
"../../../Engine/Plugins/2D/Paper2D/Content/DummySprite.uasset" 499
"../../../Engine/Plugins/2D/Paper2D/Content/DefaultPaperTerrainMaterial.uasset" 500
"../../../Engine/Plugins/2D/Paper2D/Content/MaskedUnlitSpriteMaterial.uasset" 501
"../../../IsThisClusterGame/Content/Textures/materials/DissapearAnimation2.uasset" 502
"../../../IsThisClusterGame/Content/Blueprints/Finish.uasset" 503
"../../../IsThisClusterGame/Content/Blueprints/OutOfLevel.uasset" 504
"../../../IsThisClusterGame/Content/Blueprints/Saw.uasset" 505
"../../../IsThisClusterGame/Content/Blueprints/Saw_2.uasset" 506
"../../../IsThisClusterGame/Content/Model/TreeAnimated_Anim_windAction.uasset" 507
"../../../IsThisClusterGame/Content/Model/unnamed.uasset" 508
"../../../IsThisClusterGame/Content/Model/TreeAnimated.uasset" 509
"../../../IsThisClusterGame/Content/Blueprints/TreeAnimated.uasset" 510
"../../../IsThisClusterGame/Content/StarterContent/Materials/M_AssetPlatform.uasset" 511
"../../../Engine/Plugins/2D/Paper2D/Content/OpaqueUnlitSpriteMaterial.uasset" 512
"../../../IsThisClusterGame/Content/2DSideScroller/Textures/2DBackground.uasset" 513
"../../../IsThisClusterGame/Content/2DSideScroller/Sprites/Background_Sprite.uasset" 514
"../../../IsThisClusterGame/Content/Environments/Foliage/Grass/FieldGrass/SM_FieldGrass_01.uasset" 515
"../../../IsThisClusterGame/Content/Model/Tree/Broadleaf_Desktop_0_Branches_2_Mat.uasset" 516
"../../../IsThisClusterGame/Content/Model/Tree/Broadleaf_Desktop_0_Branches_Mat.uasset" 517
"../../../Engine/Content/Functions/Engine_MaterialFunctions01/SpeedTree/SpeedTreeColorVariation.uasset" 518
"../../../IsThisClusterGame/Content/Model/Tree/Broadleaf_Desktop_Atlas_Normal_Tex.uasset" 519
"../../../IsThisClusterGame/Content/Model/Tree/Broadleaf_Desktop_Atlas_Tex.uasset" 520
"../../../IsThisClusterGame/Content/Model/Tree/Broadleaf_Desktop_0_FacingLeaves_Mat.uasset" 521
"../../../IsThisClusterGame/Content/Model/Tree/Broadleaf_Desktop_0_Fronds_Mat.uasset" 522
"../../../IsThisClusterGame/Content/Model/Tree/Broadleaf_Desktop_0_Leaves_Mat.uasset" 523
"../../../IsThisClusterGame/Content/Model/Tree/Broadleaf_Desktop_0.uasset" 524
"../../../IsThisClusterGame/Content/Model/Tree5/unnamed.uasset" 525
"../../../IsThisClusterGame/Content/Model/Tree5/koks_5.uasset" 526
"../../../IsThisClusterGame/Content/StarterContent/Textures/T_Bush_D.uasset" 527
"../../../IsThisClusterGame/Content/StarterContent/Textures/T_Bush_N.uasset" 528
"../../../IsThisClusterGame/Content/StarterContent/Props/Materials/M_Bush.uasset" 529
"../../../IsThisClusterGame/Content/StarterContent/Props/SM_Bush.uasset" 530
"../../../IsThisClusterGame/Content/StarterContent/Props/SM_Rock.uasset" 531
"../../../IsThisClusterGame/Content/StarterContent/Shapes/Shape_Cube.uasset" 532
"../../../IsThisClusterGame/Content/StarterContent/Shapes/Shape_Plane.uasset" 533
"../../../IsThisClusterGame/Content/StarterContent/Textures/T_Brick_Clay_Beveled_M.uasset" 534
"../../../IsThisClusterGame/Content/Maps/Forest_7-old.umap" 535
"../../../IsThisClusterGame/Content/Blueprints/MainGamemode.uasset" 536
"../../../IsThisClusterGame/Content/Model/Tree_6_Straight/Koks_6_Straight_Atlas.uasset" 537
"../../../IsThisClusterGame/Content/Model/Tree_6_Straight/Koks_6_Straight_Atlas_Mat.uasset" 538
"../../../Engine/Content/MapTemplates/Bokeh_5Sides.uasset" 539
"../../../Engine/Content/MapTemplates/T_ScreenDirt02_w.uasset" 540
"../../../IsThisClusterGame/Content/2DSideScroller/Textures/2DBackgroundBlockAtlas.uasset" 541
"../../../IsThisClusterGame/Content/2DSideScroller/Sprites/Ledge.uasset" 542
"../../../IsThisClusterGame/Content/Leaves_VFX_Pack/Textures/Sakura_Flower.uasset" 543
"../../../IsThisClusterGame/Content/Leaves_VFX_Pack/Textures/Sakura_Flower_NRM.uasset" 544
"../../../IsThisClusterGame/Content/Leaves_VFX_Pack/Mics/Sakura_Flower.uasset" 545
"../../../IsThisClusterGame/Content/Leaves_VFX_Pack/Meshes/Sakura_Flower.uasset" 546
"../../../IsThisClusterGame/Content/Leaves_VFX_Pack/VFX/Sakura_Flower_VFX.uasset" 547
"../../../IsThisClusterGame/Content/Model/Tree6/ConiferBark_Normal_Tex.uasset" 548
"../../../IsThisClusterGame/Content/Model/Tree6/ConiferBark_Tex.uasset" 549
"../../../IsThisClusterGame/Content/Model/Tree6/Koks_6_Branches_2_Mat.uasset" 550
"../../../IsThisClusterGame/Content/Model/Tree6/Koks_6_Branches_Mat.uasset" 551
"../../../IsThisClusterGame/Content/Model/Tree6/Koks_6_Atlas_Normal_Tex.uasset" 552
"../../../IsThisClusterGame/Content/Model/Tree6/Koks_6_Atlas_Tex.uasset" 553
"../../../IsThisClusterGame/Content/Model/Tree6/Koks_6_Fronds_Mat.uasset" 554
"../../../IsThisClusterGame/Content/Model/Tree6/Koks_6_Leaves_Mat.uasset" 555
"../../../IsThisClusterGame/Content/Model/Tree6/Koks_6.uasset" 556
"../../../IsThisClusterGame/Content/Model/Tree7/Firest/ConiferBark_Normal_Tex.uasset" 557
"../../../IsThisClusterGame/Content/Model/Tree7/Firest/ConiferBark_Tex.uasset" 558
"../../../IsThisClusterGame/Content/Model/Tree7/Firest/Koks_6_Straight_Branches_2_Mat.uasset" 559
"../../../IsThisClusterGame/Content/Model/Tree7/Firest/Koks_6_Straight_Branches_Mat.uasset" 560
"../../../IsThisClusterGame/Content/Model/Tree7/Firest/Koks_6_Straight_Atlas_Normal_Tex.uasset" 561
"../../../IsThisClusterGame/Content/Model/Tree7/Firest/Koks_6_Straight_Atlas_Tex.uasset" 562
"../../../IsThisClusterGame/Content/Model/Tree7/Firest/Koks_6_Straight_Fronds_Mat.uasset" 563
"../../../IsThisClusterGame/Content/Model/Tree7/Firest/Koks_6_Straight_Leaves_Mat.uasset" 564
"../../../IsThisClusterGame/Content/Model/Tree7/Firest/Koks_6_Straight.uasset" 565
"../../../IsThisClusterGame/Content/Model/Tree_6_Straight/ConiferBark_Normal_Tex.uasset" 566
"../../../IsThisClusterGame/Content/Model/Tree_6_Straight/ConiferBark_Tex.uasset" 567
"../../../IsThisClusterGame/Content/Model/Tree_6_Straight/Koks_6_Straight_Branches_2_Mat.uasset" 568
"../../../IsThisClusterGame/Content/Model/Tree_6_Straight/Koks_6_Straight_Branches_Mat.uasset" 569
"../../../IsThisClusterGame/Content/Model/Tree_6_Straight/Koks_6_Straight_Atlas_Normal_Tex.uasset" 570
"../../../IsThisClusterGame/Content/Model/Tree_6_Straight/Koks_6_Straight_Atlas_Tex.uasset" 571
"../../../IsThisClusterGame/Content/Model/Tree_6_Straight/Koks_6_Straight_Fronds_Mat.uasset" 572
"../../../IsThisClusterGame/Content/Model/Tree_6_Straight/Koks_6_Straight_Leaves_Mat.uasset" 573
"../../../IsThisClusterGame/Content/Model/Tree_6_Straight/Koks_6_Straight.uasset" 574
"../../../IsThisClusterGame/Content/StarterContent/Particles/P_Steam_Lit.uasset" 575
"../../../IsThisClusterGame/Content/Maps/Forest_1.umap" 576
"../../../IsThisClusterGame/Content/Blueprints/DisolvingSand_Spawner.uasset" 577
"../../../IsThisClusterGame/Content/Maps/Forest_10.umap" 578
"../../../IsThisClusterGame/Content/Leaves_VFX_Pack/Textures/Sakura_Petal.uasset" 579
"../../../IsThisClusterGame/Content/Leaves_VFX_Pack/Textures/Sakura_Petal_NRM.uasset" 580
"../../../IsThisClusterGame/Content/Leaves_VFX_Pack/Mics/Sakura_Petal.uasset" 581
"../../../IsThisClusterGame/Content/Leaves_VFX_Pack/Meshes/Sakura_Petal.uasset" 582
"../../../IsThisClusterGame/Content/Leaves_VFX_Pack/VFX/Sakura_Petal_VFX.uasset" 583
"../../../IsThisClusterGame/Content/Model/Tree7/Second/BroadleafBark_Normal_Tex.uasset" 584
"../../../IsThisClusterGame/Content/Model/Tree7/Second/BroadleafBark_Tex.uasset" 585
"../../../IsThisClusterGame/Content/Model/Tree7/Second/Koks_7_Straight_MoreBranches_Branches_Mat.uasset" 586
"../../../IsThisClusterGame/Content/Model/Tree7/Second/Koks_7_Straight_MoreBranches_Atlas_Normal_Tex.uasset" 587
"../../../IsThisClusterGame/Content/Model/Tree7/Second/Koks_7_Straight_MoreBranches_Atlas_Tex.uasset" 588
"../../../IsThisClusterGame/Content/Model/Tree7/Second/Koks_7_Straight_MoreBranches_Leaves_Mat.uasset" 589
"../../../IsThisClusterGame/Content/Model/Tree7/Second/Koks_7_Straight_MoreBranches.uasset" 590
"../../../IsThisClusterGame/Content/Maps/Forest_11.umap" 591
"../../../IsThisClusterGame/Content/Maps/Forest_2.umap" 592
"../../../IsThisClusterGame/Content/Maps/Forest_3.umap" 593
"../../../IsThisClusterGame/Content/Leaves_VFX_Pack/Textures/Willow.uasset" 594
"../../../IsThisClusterGame/Content/Leaves_VFX_Pack/Textures/Willow_N.uasset" 595
"../../../IsThisClusterGame/Content/Leaves_VFX_Pack/Mics/Willow_Mic.uasset" 596
"../../../IsThisClusterGame/Content/Leaves_VFX_Pack/Meshes/Willow.uasset" 597
"../../../IsThisClusterGame/Content/Leaves_VFX_Pack/VFX/Willow_VFX.uasset" 598
"../../../IsThisClusterGame/Content/Maps/Forest_4.umap" 599
"../../../IsThisClusterGame/Content/Particle_Folder/SpawnableDopler.uasset" 600
"../../../IsThisClusterGame/Content/Particle_Folder/DoplerSpawner.uasset" 601
"../../../IsThisClusterGame/Content/Model/Roots/Root_5_Branches_2_Mat.uasset" 602
"../../../IsThisClusterGame/Content/Model/Roots/Root_5_Branches_Mat.uasset" 603
"../../../IsThisClusterGame/Content/Model/Roots/Root_5.uasset" 604
"../../../IsThisClusterGame/Content/Maps/Forest_5.umap" 605
"../../../IsThisClusterGame/Content/StarterContent/Shapes/Shape_QuadPyramid.uasset" 606
"../../../IsThisClusterGame/Content/Maps/Forest_6.umap" 607
"../../../IsThisClusterGame/Content/2DSideScrollerCPP/Maps/2DSideScrollerExampleMap.umap" 608
"../../../IsThisClusterGame/Content/Maps/Forest_7.umap" 609
"../../../IsThisClusterGame/Content/Maps/Forest_8.umap" 610
"../../../IsThisClusterGame/Content/Maps/Forest_9.umap" 611
"../../../IsThisClusterGame/Content/Maps/NewWorld.umap" 612
"../../../IsThisClusterGame/Content/Textures/materials/DissapearAnimation_Inst_Inst.uasset" 613
"../../../IsThisClusterGame/Content/Textures/materials/Roots.uasset" 614
"../../../IsThisClusterGame/Content/Leaves_VFX_Pack/Textures/Oak2.uasset" 615
"../../../IsThisClusterGame/Content/Leaves_VFX_Pack/Textures/Oak2_N.uasset" 616
"../../../IsThisClusterGame/Content/Leaves_VFX_Pack/Mics/Oak2_Mic.uasset" 617
"../../../IsThisClusterGame/Content/Leaves_VFX_Pack/Meshes/Oak2.uasset" 618
"../../../IsThisClusterGame/Content/Leaves_VFX_Pack/VFX/Oak2_VFX.uasset" 619
"../../../IsThisClusterGame/Content/Model/Roots/Roots_6_Branches_2_Mat.uasset" 620
"../../../IsThisClusterGame/Content/Model/Roots/Roots_6_Branches_Mat.uasset" 621
"../../../IsThisClusterGame/Content/Model/Roots/Roots_6.uasset" 622
"../../../IsThisClusterGame/Content/Maps/STARTINGSCREEN.umap" 623
"../../../IsThisClusterGame/Content/StarterContent/Blueprints/Assets/FogBrightnessLUT.uasset" 624
"../../../IsThisClusterGame/Content/StarterContent/Blueprints/Assets/SunlightColorLUT.uasset" 625
"../../../IsThisClusterGame/Content/StarterContent/Blueprints/Assets/M_LightStage_Arrows.uasset" 626
"../../../Engine/Content/MapTemplates/Sky/DaylightAmbientCubemap.uasset" 627
"../../../IsThisClusterGame/Content/StarterContent/Blueprints/Assets/M_LightStage_Skybox_Master.uasset" 628
"../../../IsThisClusterGame/Content/StarterContent/Blueprints/Assets/M_LightStage_Skybox_Black.uasset" 629
"../../../IsThisClusterGame/Content/StarterContent/Blueprints/Assets/M_LightStage_Skybox_HDRI.uasset" 630
"../../../Engine/Content/EditorMaterials/Thumbnails/SkySphereMaterial.uasset" 631
"../../../IsThisClusterGame/Content/StarterContent/Blueprints/Assets/Skybox.uasset" 632
"../../../IsThisClusterGame/Content/StarterContent/Blueprints/Assets/SM_Arrows.uasset" 633
"../../../IsThisClusterGame/Content/StarterContent/HDRI/HDRI_Epic_Courtyard_Daylight.uasset" 634
"../../../IsThisClusterGame/Content/StarterContent/Blueprints/BP_LightStudio.uasset" 635
"../../../Engine/Content/EditorMeshes/ColorCalibrator/M_ChromeBall.uasset" 636
"../../../Engine/Content/EditorMeshes/ColorCalibrator/M_ClearCoat.uasset" 637
"../../../Engine/Content/EditorMeshes/ColorCalibrator/M_ClearCoatBlack.uasset" 638
"../../../Engine/Content/EditorMeshes/ColorCalibrator/M_ColorGrid.uasset" 639
"../../../Engine/Content/EditorMeshes/ColorCalibrator/M_GreyBall.uasset" 640
"../../../Engine/Content/EditorMeshes/ColorCalibrator/SM_ColorCalibrator.uasset" 641
"../../../IsThisClusterGame/Content/StarterContent/Architecture/SM_AssetPlatform.uasset" 642
"../../../IsThisClusterGame/Content/StarterContent/Maps/Advanced_Lighting.umap" 643
"../../../Engine/Content/EngineSky/C_Sky_Cloud_Color.uasset" 644
"../../../Engine/Content/EngineSky/C_Sky_Horizon_Color.uasset" 645
"../../../Engine/Content/EngineSky/C_Sky_Zenith_Color.uasset" 646
"../../../Engine/Content/EngineSky/T_Sky_Blue.uasset" 647
"../../../Engine/Content/EngineSky/T_Sky_Clouds_M.uasset" 648
"../../../Engine/Content/EngineSky/T_Sky_Stars.uasset" 649
"../../../Engine/Content/EngineSky/M_Sky_Panning_Clouds2.uasset" 650
"../../../Engine/Content/EngineSky/SM_SkySphere.uasset" 651
"../../../Engine/Content/EngineSky/BP_Sky_Sphere.uasset" 652
"../../../IsThisClusterGame/Content/StarterContent/Textures/T_MacroVariation.uasset" 653
"../../../IsThisClusterGame/Content/StarterContent/Materials/M_Metal_Brushed_Nickel.uasset" 654
"../../../IsThisClusterGame/Content/StarterContent/Textures/T_Metal_Aluminum_D.uasset" 655
"../../../IsThisClusterGame/Content/StarterContent/Textures/T_Metal_Gold_N.uasset" 656
"../../../IsThisClusterGame/Content/StarterContent/Materials/M_Metal_Burnished_Steel.uasset" 657
"../../../IsThisClusterGame/Content/StarterContent/Textures/T_Metal_Copper_D.uasset" 658
"../../../IsThisClusterGame/Content/StarterContent/Materials/M_Metal_Copper.uasset" 659
"../../../IsThisClusterGame/Content/StarterContent/Textures/T_Statue_M.uasset" 660
"../../../IsThisClusterGame/Content/StarterContent/Textures/T_Statue_N.uasset" 661
"../../../IsThisClusterGame/Content/StarterContent/Props/Materials/M_StatueGlass.uasset" 662
"../../../IsThisClusterGame/Content/StarterContent/Architecture/Floor_400x400.uasset" 663
"../../../IsThisClusterGame/Content/StarterContent/Audio/Starter_Background_Cue.uasset" 664
"../../../IsThisClusterGame/Content/StarterContent/Props/SM_Chair.uasset" 665
"../../../IsThisClusterGame/Content/StarterContent/Props/Materials/M_Statue.uasset" 666
"../../../IsThisClusterGame/Content/StarterContent/Props/SM_Statue.uasset" 667
"../../../IsThisClusterGame/Content/StarterContent/Textures/T_TableRound_M.uasset" 668
"../../../IsThisClusterGame/Content/StarterContent/Textures/T_TableRound_N.uasset" 669
"../../../IsThisClusterGame/Content/StarterContent/Props/Materials/M_TableRound.uasset" 670
"../../../IsThisClusterGame/Content/StarterContent/Props/SM_TableRound.uasset" 671
"../../../IsThisClusterGame/Content/StarterContent/Maps/Minimal_Default.umap" 672
"../../../IsThisClusterGame/Content/StarterContent/Audio/Fire01_Cue.uasset" 673
"../../../IsThisClusterGame/Content/StarterContent/Textures/T_Fire_SubUV.uasset" 674
"../../../IsThisClusterGame/Content/StarterContent/Textures/T_Fire_Tiled_D.uasset" 675
"../../../IsThisClusterGame/Content/StarterContent/Particles/Materials/M_Fire_SubUV.uasset" 676
"../../../IsThisClusterGame/Content/StarterContent/Textures/T_Water_N.uasset" 677
"../../../IsThisClusterGame/Content/StarterContent/Particles/Materials/M_Heat_Distortion.uasset" 678
"../../../IsThisClusterGame/Content/StarterContent/Particles/Materials/M_Radial_Gradient.uasset" 679
"../../../IsThisClusterGame/Content/StarterContent/Particles/P_Fire.uasset" 680
"../../../IsThisClusterGame/Content/StarterContent/Blueprints/Blueprint_Effect_Fire.uasset" 681
"../../../IsThisClusterGame/Content/StarterContent/Audio/Smoke01_Cue.uasset" 682
"../../../IsThisClusterGame/Content/StarterContent/Particles/P_Smoke.uasset" 683
"../../../IsThisClusterGame/Content/StarterContent/Blueprints/Blueprint_Effect_Smoke.uasset" 684
"../../../IsThisClusterGame/Content/StarterContent/Audio/Fire_Sparks01_Cue.uasset" 685
"../../../IsThisClusterGame/Content/StarterContent/Textures/T_Spark_Core.uasset" 686
"../../../IsThisClusterGame/Content/StarterContent/Particles/Materials/M_Spark.uasset" 687
"../../../IsThisClusterGame/Content/StarterContent/Particles/P_Sparks.uasset" 688
"../../../IsThisClusterGame/Content/StarterContent/Blueprints/Blueprint_Effect_Sparks.uasset" 689
"../../../IsThisClusterGame/Content/StarterContent/Audio/Steam01_Cue.uasset" 690
"../../../IsThisClusterGame/Content/StarterContent/Blueprints/Blueprint_Effect_Steam.uasset" 691
"../../../IsThisClusterGame/Content/StarterContent/Textures/T_Lamp_M.uasset" 692
"../../../IsThisClusterGame/Content/StarterContent/Textures/T_Lamp_N.uasset" 693
"../../../IsThisClusterGame/Content/StarterContent/Props/Materials/M_Lamp.uasset" 694
"../../../IsThisClusterGame/Content/StarterContent/Props/SM_Lamp_Ceiling.uasset" 695
"../../../IsThisClusterGame/Content/StarterContent/Blueprints/Blueprint_CeilingLight.uasset" 696
"../../../IsThisClusterGame/Content/StarterContent/Props/SM_Lamp_Wall.uasset" 697
"../../../IsThisClusterGame/Content/StarterContent/Blueprints/Blueprint_WallSconce.uasset" 698
"../../../Engine/Content/Functions/Engine_MaterialFunctions03/Procedurals/ComputeFilterWidth.uasset" 699
"../../../Engine/Content/EngineMaterials/AntiAliasedTextMaterialTranslucent.uasset" 700
"../../../IsThisClusterGame/Content/StarterContent/Textures/T_Brick_Clay_Beveled_D.uasset" 701
"../../../IsThisClusterGame/Content/StarterContent/Textures/T_Brick_Clay_Beveled_N.uasset" 702
"../../../IsThisClusterGame/Content/StarterContent/Materials/M_Brick_Clay_Beveled.uasset" 703
"../../../IsThisClusterGame/Content/StarterContent/Textures/T_Brick_Clay_New_D.uasset" 704
"../../../IsThisClusterGame/Content/StarterContent/Textures/T_Brick_Clay_New_M.uasset" 705
"../../../IsThisClusterGame/Content/StarterContent/Textures/T_Brick_Clay_New_N.uasset" 706
"../../../IsThisClusterGame/Content/StarterContent/Materials/M_Brick_Clay_New.uasset" 707
"../../../IsThisClusterGame/Content/StarterContent/Textures/T_Brick_Clay_Old_D.uasset" 708
"../../../IsThisClusterGame/Content/StarterContent/Textures/T_Brick_Clay_Old_N.uasset" 709
"../../../IsThisClusterGame/Content/StarterContent/Textures/T_Perlin_Noise_M.uasset" 710
"../../../IsThisClusterGame/Content/StarterContent/Materials/M_Brick_Clay_Old.uasset" 711
"../../../IsThisClusterGame/Content/StarterContent/Textures/T_Brick_Cut_Stone_D.uasset" 712
"../../../IsThisClusterGame/Content/StarterContent/Textures/T_Brick_Cut_Stone_N.uasset" 713
"../../../IsThisClusterGame/Content/StarterContent/Materials/M_Brick_Cut_Stone.uasset" 714
"../../../IsThisClusterGame/Content/StarterContent/Textures/T_Brick_Hewn_Stone_D.uasset" 715
"../../../IsThisClusterGame/Content/StarterContent/Textures/T_Brick_Hewn_Stone_M.uasset" 716
"../../../IsThisClusterGame/Content/StarterContent/Textures/T_Brick_Hewn_Stone_N.uasset" 717
"../../../IsThisClusterGame/Content/StarterContent/Materials/M_Brick_Hewn_Stone.uasset" 718
"../../../IsThisClusterGame/Content/StarterContent/Textures/T_Ceramic_Tile_M.uasset" 719
"../../../IsThisClusterGame/Content/StarterContent/Textures/T_Ceramic_Tile_N.uasset" 720
"../../../IsThisClusterGame/Content/StarterContent/Textures/T_Rock_Marble_Polished_D.uasset" 721
"../../../IsThisClusterGame/Content/StarterContent/Materials/M_Ceramic_Tile_Checker.uasset" 722
"../../../IsThisClusterGame/Content/StarterContent/Textures/T_CobbleStone_Pebble_D.uasset" 723
"../../../IsThisClusterGame/Content/StarterContent/Textures/T_CobbleStone_Pebble_M.uasset" 724
"../../../IsThisClusterGame/Content/StarterContent/Textures/T_CobbleStone_Pebble_N.uasset" 725
"../../../IsThisClusterGame/Content/StarterContent/Materials/M_CobbleStone_Pebble.uasset" 726
"../../../IsThisClusterGame/Content/StarterContent/Textures/T_CobbleStone_Rough_D.uasset" 727
"../../../IsThisClusterGame/Content/StarterContent/Textures/T_CobbleStone_Rough_N.uasset" 728
"../../../IsThisClusterGame/Content/StarterContent/Textures/T_Gradinet_01.uasset" 729
"../../../IsThisClusterGame/Content/StarterContent/Textures/T_Rock_Smooth_Granite_D.uasset" 730
"../../../IsThisClusterGame/Content/StarterContent/Materials/M_CobbleStone_Rough.uasset" 731
"../../../IsThisClusterGame/Content/StarterContent/Textures/T_CobbleStone_Smooth_D.uasset" 732
"../../../IsThisClusterGame/Content/StarterContent/Textures/T_CobbleStone_Smooth_M.uasset" 733
"../../../IsThisClusterGame/Content/StarterContent/Textures/T_CobbleStone_Smooth_N.uasset" 734
"../../../IsThisClusterGame/Content/StarterContent/Materials/M_CobbleStone_Smooth.uasset" 735
"../../../IsThisClusterGame/Content/StarterContent/Textures/T_Concrete_Grime_D.uasset" 736
"../../../IsThisClusterGame/Content/StarterContent/Textures/T_Metal_Rust_N.uasset" 737
"../../../IsThisClusterGame/Content/StarterContent/Materials/M_Concrete_Grime.uasset" 738
"../../../IsThisClusterGame/Content/StarterContent/Textures/T_Concrete_Panels_D.uasset" 739
"../../../IsThisClusterGame/Content/StarterContent/Textures/T_Concrete_Panels_N.uasset" 740
"../../../IsThisClusterGame/Content/StarterContent/Materials/M_Concrete_Panels.uasset" 741
"../../../IsThisClusterGame/Content/StarterContent/Textures/T_Concrete_Poured_D.uasset" 742
"../../../IsThisClusterGame/Content/StarterContent/Textures/T_Concrete_Poured_N.uasset" 743
"../../../IsThisClusterGame/Content/StarterContent/Materials/M_Concrete_Poured.uasset" 744
"../../../IsThisClusterGame/Content/StarterContent/Textures/T_Concrete_Tiles_D.uasset" 745
"../../../IsThisClusterGame/Content/StarterContent/Textures/T_Concrete_Tiles_M.uasset" 746
"../../../IsThisClusterGame/Content/StarterContent/Textures/T_Concrete_Tiles_N.uasset" 747
"../../../IsThisClusterGame/Content/StarterContent/Textures/T_Concrete_Tiles_Variation_M.uasset" 748
"../../../IsThisClusterGame/Content/StarterContent/Materials/M_Concrete_Tiles.uasset" 749
"../../../IsThisClusterGame/Content/StarterContent/Textures/T_Ground_Grass_D.uasset" 750
"../../../IsThisClusterGame/Content/StarterContent/Textures/T_Ground_Grass_N.uasset" 751
"../../../IsThisClusterGame/Content/StarterContent/Materials/M_Ground_Grass.uasset" 752
"../../../IsThisClusterGame/Content/StarterContent/Textures/T_Ground_Gravel_D.uasset" 753
"../../../IsThisClusterGame/Content/StarterContent/Textures/T_Ground_Gravel_N.uasset" 754
"../../../IsThisClusterGame/Content/StarterContent/Materials/M_Ground_Gravel.uasset" 755
"../../../IsThisClusterGame/Content/StarterContent/Textures/T_ground_Moss_D.uasset" 756
"../../../IsThisClusterGame/Content/StarterContent/Textures/T_Ground_Moss_N.uasset" 757
"../../../IsThisClusterGame/Content/StarterContent/Materials/M_Ground_Moss.uasset" 758
"../../../IsThisClusterGame/Content/StarterContent/Materials/M_Metal_Chrome.uasset" 759
"../../../IsThisClusterGame/Content/StarterContent/Textures/T_Metal_Gold_D.uasset" 760
"../../../IsThisClusterGame/Content/StarterContent/Materials/M_Metal_Gold.uasset" 761
"../../../IsThisClusterGame/Content/StarterContent/Textures/T_Metal_Rust_D.uasset" 762
"../../../IsThisClusterGame/Content/StarterContent/Materials/M_Metal_Rust.uasset" 763
"../../../IsThisClusterGame/Content/StarterContent/Textures/T_Metal_Steel_D.uasset" 764
"../../../IsThisClusterGame/Content/StarterContent/Textures/T_Metal_Steel_N.uasset" 765
"../../../IsThisClusterGame/Content/StarterContent/Materials/M_Metal_Steel.uasset" 766
"../../../IsThisClusterGame/Content/StarterContent/Textures/T_Rock_Basalt_N.uasset" 767
"../../../IsThisClusterGame/Content/StarterContent/Materials/M_Rock_Basalt.uasset" 768
"../../../IsThisClusterGame/Content/StarterContent/Materials/M_Rock_Marble_Polished.uasset" 769
"../../../IsThisClusterGame/Content/StarterContent/Textures/T_Rock_Sandstone_D.uasset" 770
"../../../IsThisClusterGame/Content/StarterContent/Textures/T_Rock_Sandstone_N.uasset" 771
"../../../IsThisClusterGame/Content/StarterContent/Materials/M_Rock_Sandstone.uasset" 772
"../../../IsThisClusterGame/Content/StarterContent/Textures/T_Rock_Slate_D.uasset" 773
"../../../IsThisClusterGame/Content/StarterContent/Textures/T_Rock_Slate_N.uasset" 774
"../../../IsThisClusterGame/Content/StarterContent/Materials/M_Rock_Slate.uasset" 775
"../../../IsThisClusterGame/Content/StarterContent/Textures/T_Checker_Noise_M.uasset" 776
"../../../IsThisClusterGame/Content/StarterContent/Textures/T_Single_Tile_N.uasset" 777
"../../../IsThisClusterGame/Content/StarterContent/Textures/T_Tech_Dot_M.uasset" 778
"../../../IsThisClusterGame/Content/StarterContent/Textures/T_Tech_Dot_N.uasset" 779
"../../../IsThisClusterGame/Content/StarterContent/Materials/M_Tech_Checker_Dot.uasset" 780
"../../../IsThisClusterGame/Content/StarterContent/Textures/T_Tech_Hex_Tile_M.uasset" 781
"../../../IsThisClusterGame/Content/StarterContent/Textures/T_Tech_Hex_Tile_N.uasset" 782
"../../../IsThisClusterGame/Content/StarterContent/Materials/M_Tech_Hex_Tile.uasset" 783
"../../../IsThisClusterGame/Content/StarterContent/Materials/M_Tech_Hex_Tile_Pulse.uasset" 784
"../../../IsThisClusterGame/Content/StarterContent/Textures/T_Tech_Panel_M.uasset" 785
"../../../IsThisClusterGame/Content/StarterContent/Textures/T_Tech_Panel_N.uasset" 786
"../../../IsThisClusterGame/Content/StarterContent/Materials/M_Tech_Panel.uasset" 787
"../../../IsThisClusterGame/Content/StarterContent/Materials/M_Water_Lake.uasset" 788
"../../../IsThisClusterGame/Content/StarterContent/Textures/T_Water_M.uasset" 789
"../../../IsThisClusterGame/Content/StarterContent/Materials/M_Water_Ocean.uasset" 790
"../../../IsThisClusterGame/Content/StarterContent/Textures/T_Wood_Floor_Walnut_D.uasset" 791
"../../../IsThisClusterGame/Content/StarterContent/Textures/T_Wood_Floor_Walnut_M.uasset" 792
"../../../IsThisClusterGame/Content/StarterContent/Textures/T_Wood_Floor_Walnut_N.uasset" 793
"../../../IsThisClusterGame/Content/StarterContent/Materials/M_Wood_Floor_Walnut_Polished.uasset" 794
"../../../Engine/Content/Functions/Engine_MaterialFunctions01/Opacity/AlphaOffset.uasset" 795
"../../../IsThisClusterGame/Content/StarterContent/Materials/M_Wood_Floor_Walnut_Worn.uasset" 796
"../../../IsThisClusterGame/Content/StarterContent/Textures/T_Wood_Oak_D.uasset" 797
"../../../IsThisClusterGame/Content/StarterContent/Textures/T_Wood_Oak_N.uasset" 798
"../../../IsThisClusterGame/Content/StarterContent/Materials/M_Wood_Oak.uasset" 799
"../../../IsThisClusterGame/Content/StarterContent/Textures/T_Wood_Pine_D.uasset" 800
"../../../IsThisClusterGame/Content/StarterContent/Textures/T_Wood_Pine_N.uasset" 801
"../../../IsThisClusterGame/Content/StarterContent/Materials/M_Wood_Pine.uasset" 802
"../../../IsThisClusterGame/Content/StarterContent/Textures/T_Wood_Walnut_D.uasset" 803
"../../../IsThisClusterGame/Content/StarterContent/Textures/T_Wood_Walnut_N.uasset" 804
"../../../IsThisClusterGame/Content/StarterContent/Materials/M_Wood_Walnut.uasset" 805
"../../../IsThisClusterGame/Content/StarterContent/Architecture/Wall_400x200.uasset" 806
"../../../IsThisClusterGame/Content/StarterContent/Architecture/Wall_Door_400x300.uasset" 807
"../../../IsThisClusterGame/Content/StarterContent/Architecture/Wall_Window_400x300.uasset" 808
"../../../IsThisClusterGame/Content/StarterContent/Audio/Collapse_Cue.uasset" 809
"../../../IsThisClusterGame/Content/StarterContent/Audio/Starter_Music_Cue.uasset" 810
"../../../IsThisClusterGame/Content/StarterContent/Textures/T_Dust_Particle_D.uasset" 811
"../../../IsThisClusterGame/Content/StarterContent/Particles/Materials/M_Dust_Particle.uasset" 812
"../../../IsThisClusterGame/Content/StarterContent/Particles/P_Ambient_Dust.uasset" 813
"../../../IsThisClusterGame/Content/StarterContent/Props/MaterialSphere.uasset" 814
"../../../IsThisClusterGame/Content/StarterContent/Textures/T_Frame_M.uasset" 815
"../../../IsThisClusterGame/Content/StarterContent/Textures/T_Frame_N.uasset" 816
"../../../IsThisClusterGame/Content/StarterContent/Props/Materials/M_Frame.uasset" 817
"../../../IsThisClusterGame/Content/StarterContent/Props/SM_CornerFrame.uasset" 818
"../../../IsThisClusterGame/Content/StarterContent/Props/SM_DoorFrame.uasset" 819
"../../../IsThisClusterGame/Content/StarterContent/Props/SM_GlassWindow.uasset" 820
"../../../IsThisClusterGame/Content/StarterContent/Props/SM_PillarFrame.uasset" 821
"../../../IsThisClusterGame/Content/StarterContent/Props/SM_PillarFrame300.uasset" 822
"../../../IsThisClusterGame/Content/StarterContent/Props/SM_WindowFrame.uasset" 823
"../../../IsThisClusterGame/Content/StarterContent/Maps/StarterMap.umap" 824
